{"/Users/sergeydubovik/dev/tests/myapp/src/utils/helpers.ts": {"path":"/Users/sergeydubovik/dev/tests/myapp/src/utils/helpers.ts","statementMap":{"0":{"start":{"line":1,"column":0},"end":{"line":1,"column":60}},"1":{"start":{"line":2,"column":0},"end":{"line":2,"column":64}},"2":{"start":{"line":3,"column":0},"end":{"line":3,"column":36}},"3":{"start":{"line":4,"column":0},"end":{"line":4,"column":41}},"4":{"start":{"line":23,"column":22},"end":{"line":29,"column":1}},"5":{"start":{"line":24,"column":20},"end":{"line":24,"column":41}},"6":{"start":{"line":25,"column":16},"end":{"line":25,"column":83}},"7":{"start":{"line":26,"column":18},"end":{"line":26,"column":30}},"8":{"start":{"line":28,"column":2},"end":{"line":28,"column":null}},"9":{"start":{"line":31,"column":13},"end":{"line":37,"column":null}},"10":{"start":{"line":32,"column":2},"end":{"line":36,"column":null}},"11":{"start":{"line":39,"column":13},"end":{"line":65,"column":null}},"12":{"start":{"line":40,"column":16},"end":{"line":40,"column":18}},"13":{"start":{"line":41,"column":13},"end":{"line":41,"column":14}},"14":{"start":{"line":42,"column":2},"end":{"line":44,"column":null}},"15":{"start":{"line":42,"column":15},"end":{"line":42,"column":16}},"16":{"start":{"line":43,"column":4},"end":{"line":43,"column":null}},"17":{"start":{"line":46,"column":2},"end":{"line":62,"column":null}},"18":{"start":{"line":48,"column":4},"end":{"line":48,"column":null}},"19":{"start":{"line":50,"column":20},"end":{"line":50,"column":37}},"20":{"start":{"line":52,"column":4},"end":{"line":52,"column":null}},"21":{"start":{"line":53,"column":4},"end":{"line":61,"column":null}},"22":{"start":{"line":55,"column":6},"end":{"line":55,"column":null}},"23":{"start":{"line":56,"column":6},"end":{"line":56,"column":null}},"24":{"start":{"line":57,"column":6},"end":{"line":57,"column":null}},"25":{"start":{"line":60,"column":6},"end":{"line":60,"column":null}},"26":{"start":{"line":64,"column":2},"end":{"line":64,"column":null}},"27":{"start":{"line":70,"column":13},"end":{"line":119,"column":null}},"28":{"start":{"line":73,"column":23},"end":{"line":73,"column":45}},"29":{"start":{"line":74,"column":21},"end":{"line":74,"column":42}},"30":{"start":{"line":75,"column":19},"end":{"line":75,"column":23}},"31":{"start":{"line":76,"column":26},"end":{"line":76,"column":41}},"32":{"start":{"line":78,"column":26},"end":{"line":78,"column":37}},"33":{"start":{"line":79,"column":25},"end":{"line":79,"column":26}},"34":{"start":{"line":80,"column":26},"end":{"line":80,"column":27}},"35":{"start":{"line":81,"column":29},"end":{"line":81,"column":30}},"36":{"start":{"line":82,"column":22},"end":{"line":82,"column":23}},"37":{"start":{"line":85,"column":2},"end":{"line":88,"column":null}},"38":{"start":{"line":86,"column":4},"end":{"line":86,"column":null}},"39":{"start":{"line":87,"column":4},"end":{"line":87,"column":null}},"40":{"start":{"line":91,"column":2},"end":{"line":99,"column":null}},"41":{"start":{"line":92,"column":4},"end":{"line":98,"column":null}},"42":{"start":{"line":93,"column":6},"end":{"line":93,"column":null}},"43":{"start":{"line":94,"column":6},"end":{"line":94,"column":null}},"44":{"start":{"line":96,"column":6},"end":{"line":96,"column":null}},"45":{"start":{"line":97,"column":6},"end":{"line":97,"column":null}},"46":{"start":{"line":102,"column":2},"end":{"line":111,"column":null}},"47":{"start":{"line":104,"column":4},"end":{"line":110,"column":null}},"48":{"start":{"line":105,"column":6},"end":{"line":105,"column":null}},"49":{"start":{"line":106,"column":6},"end":{"line":106,"column":null}},"50":{"start":{"line":108,"column":6},"end":{"line":108,"column":null}},"51":{"start":{"line":109,"column":6},"end":{"line":109,"column":null}},"52":{"start":{"line":113,"column":23},"end":{"line":113,"column":59}},"53":{"start":{"line":114,"column":34},"end":{"line":114,"column":91}},"54":{"start":{"line":115,"column":27},"end":{"line":115,"column":55}},"55":{"start":{"line":116,"column":34},"end":{"line":116,"column":125}},"56":{"start":{"line":118,"column":2},"end":{"line":118,"column":null}},"57":{"start":{"line":121,"column":13},"end":{"line":187,"column":null}},"58":{"start":{"line":123,"column":20},"end":{"line":123,"column":73}},"59":{"start":{"line":123,"column":52},"end":{"line":123,"column":70}},"60":{"start":{"line":125,"column":40},"end":{"line":125,"column":42}},"61":{"start":{"line":127,"column":2},"end":{"line":179,"column":null}},"62":{"start":{"line":129,"column":27},"end":{"line":131,"column":6}},"63":{"start":{"line":130,"column":6},"end":{"line":130,"column":null}},"64":{"start":{"line":133,"column":44},"end":{"line":133,"column":46}},"65":{"start":{"line":134,"column":53},"end":{"line":134,"column":55}},"66":{"start":{"line":135,"column":45},"end":{"line":135,"column":47}},"67":{"start":{"line":137,"column":4},"end":{"line":165,"column":null}},"68":{"start":{"line":138,"column":24},"end":{"line":138,"column":44}},"69":{"start":{"line":139,"column":19},"end":{"line":139,"column":31}},"70":{"start":{"line":140,"column":20},"end":{"line":140,"column":87}},"71":{"start":{"line":141,"column":18},"end":{"line":141,"column":85}},"72":{"start":{"line":143,"column":24},"end":{"line":143,"column":49}},"73":{"start":{"line":144,"column":22},"end":{"line":144,"column":45}},"74":{"start":{"line":146,"column":27},"end":{"line":146,"column":93}},"75":{"start":{"line":149,"column":24},"end":{"line":149,"column":88}},"76":{"start":{"line":151,"column":31},"end":{"line":151,"column":79}},"77":{"start":{"line":154,"column":6},"end":{"line":157,"column":null}},"78":{"start":{"line":155,"column":24},"end":{"line":155,"column":45}},"79":{"start":{"line":156,"column":8},"end":{"line":156,"column":null}},"80":{"start":{"line":159,"column":26},"end":{"line":159,"column":77}},"81":{"start":{"line":160,"column":31},"end":{"line":160,"column":89}},"82":{"start":{"line":162,"column":6},"end":{"line":162,"column":null}},"83":{"start":{"line":163,"column":6},"end":{"line":163,"column":null}},"84":{"start":{"line":164,"column":6},"end":{"line":164,"column":null}},"85":{"start":{"line":167,"column":24},"end":{"line":167,"column":72}},"86":{"start":{"line":167,"column":62},"end":{"line":167,"column":71}},"87":{"start":{"line":168,"column":28},"end":{"line":168,"column":85}},"88":{"start":{"line":168,"column":75},"end":{"line":168,"column":84}},"89":{"start":{"line":169,"column":25},"end":{"line":169,"column":74}},"90":{"start":{"line":169,"column":64},"end":{"line":169,"column":73}},"91":{"start":{"line":172,"column":4},"end":{"line":178,"column":null}},"92":{"start":{"line":182,"column":2},"end":{"line":184,"column":null}},"93":{"start":{"line":183,"column":4},"end":{"line":183,"column":null}},"94":{"start":{"line":186,"column":2},"end":{"line":186,"column":null}}},"fnMap":{"0":{"name":"(anonymous_1)","decl":{"start":{"line":23,"column":22},"end":{"line":23,"column":23}},"loc":{"start":{"line":23,"column":45},"end":{"line":29,"column":1}}},"1":{"name":"(anonymous_2)","decl":{"start":{"line":31,"column":33},"end":{"line":31,"column":34}},"loc":{"start":{"line":31,"column":70},"end":{"line":37,"column":1}}},"2":{"name":"(anonymous_3)","decl":{"start":{"line":39,"column":35},"end":{"line":39,"column":36}},"loc":{"start":{"line":39,"column":79},"end":{"line":65,"column":1}}},"3":{"name":"(anonymous_4)","decl":{"start":{"line":70,"column":34},"end":{"line":70,"column":35}},"loc":{"start":{"line":70,"column":101},"end":{"line":119,"column":1}}},"4":{"name":"(anonymous_5)","decl":{"start":{"line":121,"column":26},"end":{"line":121,"column":27}},"loc":{"start":{"line":121,"column":51},"end":{"line":187,"column":1}}},"5":{"name":"(anonymous_6)","decl":{"start":{"line":123,"column":43},"end":{"line":123,"column":48}},"loc":{"start":{"line":123,"column":52},"end":{"line":123,"column":70}}},"6":{"name":"(anonymous_7)","decl":{"start":{"line":127,"column":20},"end":{"line":127,"column":22}},"loc":{"start":{"line":127,"column":25},"end":{"line":179,"column":3}}},"7":{"name":"(anonymous_8)","decl":{"start":{"line":129,"column":41},"end":{"line":129,"column":46}},"loc":{"start":{"line":129,"column":49},"end":{"line":131,"column":5}}},"8":{"name":"(anonymous_9)","decl":{"start":{"line":137,"column":27},"end":{"line":137,"column":28}},"loc":{"start":{"line":137,"column":83},"end":{"line":165,"column":5}}},"9":{"name":"(anonymous_10)","decl":{"start":{"line":167,"column":48},"end":{"line":167,"column":49}},"loc":{"start":{"line":167,"column":62},"end":{"line":167,"column":71}}},"10":{"name":"(anonymous_11)","decl":{"start":{"line":168,"column":61},"end":{"line":168,"column":62}},"loc":{"start":{"line":168,"column":75},"end":{"line":168,"column":84}}},"11":{"name":"(anonymous_12)","decl":{"start":{"line":169,"column":50},"end":{"line":169,"column":51}},"loc":{"start":{"line":169,"column":64},"end":{"line":169,"column":73}}},"12":{"name":"(anonymous_13)","decl":{"start":{"line":182,"column":20},"end":{"line":182,"column":21}},"loc":{"start":{"line":182,"column":28},"end":{"line":184,"column":3}}}},"branchMap":{"0":{"loc":{"start":{"line":25,"column":50},"end":{"line":25,"column":68}},"type":"cond-expr","locations":[{"start":{"line":25,"column":50},"end":{"line":25,"column":68}},{"start":{"line":25,"column":71},"end":{"line":25,"column":83}}]},"1":{"loc":{"start":{"line":46,"column":2},"end":{"line":62,"column":null}},"type":"if","locations":[{"start":{"line":46,"column":2},"end":{"line":62,"column":null}},{"start":{"line":46,"column":2},"end":{"line":62,"column":null}}]},"2":{"loc":{"start":{"line":53,"column":4},"end":{"line":61,"column":null}},"type":"if","locations":[{"start":{"line":53,"column":4},"end":{"line":61,"column":null}},{"start":{"line":53,"column":4},"end":{"line":61,"column":null}}]},"3":{"loc":{"start":{"line":85,"column":2},"end":{"line":88,"column":null}},"type":"if","locations":[{"start":{"line":85,"column":2},"end":{"line":88,"column":null}},{"start":{"line":85,"column":2},"end":{"line":88,"column":null}}]},"4":{"loc":{"start":{"line":91,"column":2},"end":{"line":99,"column":null}},"type":"if","locations":[{"start":{"line":91,"column":2},"end":{"line":99,"column":null}},{"start":{"line":91,"column":2},"end":{"line":99,"column":null}}]},"5":{"loc":{"start":{"line":92,"column":4},"end":{"line":98,"column":null}},"type":"if","locations":[{"start":{"line":92,"column":4},"end":{"line":98,"column":null}},{"start":{"line":92,"column":4},"end":{"line":98,"column":null}}]},"6":{"loc":{"start":{"line":102,"column":2},"end":{"line":111,"column":null}},"type":"if","locations":[{"start":{"line":102,"column":2},"end":{"line":111,"column":null}},{"start":{"line":102,"column":2},"end":{"line":111,"column":null}}]},"7":{"loc":{"start":{"line":104,"column":4},"end":{"line":110,"column":null}},"type":"if","locations":[{"start":{"line":104,"column":4},"end":{"line":110,"column":null}},{"start":{"line":104,"column":4},"end":{"line":110,"column":null}}]},"8":{"loc":{"start":{"line":114,"column":56},"end":{"line":114,"column":86}},"type":"cond-expr","locations":[{"start":{"line":114,"column":56},"end":{"line":114,"column":86}},{"start":{"line":114,"column":90},"end":{"line":114,"column":91}}]},"9":{"loc":{"start":{"line":140,"column":54},"end":{"line":140,"column":72}},"type":"cond-expr","locations":[{"start":{"line":140,"column":54},"end":{"line":140,"column":72}},{"start":{"line":140,"column":75},"end":{"line":140,"column":87}}]},"10":{"loc":{"start":{"line":141,"column":52},"end":{"line":141,"column":70}},"type":"cond-expr","locations":[{"start":{"line":141,"column":52},"end":{"line":141,"column":70}},{"start":{"line":141,"column":73},"end":{"line":141,"column":85}}]},"11":{"loc":{"start":{"line":154,"column":6},"end":{"line":157,"column":null}},"type":"if","locations":[{"start":{"line":154,"column":6},"end":{"line":157,"column":null}},{"start":{"line":154,"column":6},"end":{"line":157,"column":null}}]}},"s":{"0":1,"1":1,"2":1,"3":1,"4":1,"5":12,"6":12,"7":12,"8":12,"9":1,"10":5,"11":1,"12":4,"13":4,"14":4,"15":4,"16":28,"17":4,"18":0,"19":4,"20":4,"21":4,"22":4,"23":4,"24":4,"25":0,"26":4,"27":1,"28":8,"29":8,"30":8,"31":8,"32":8,"33":8,"34":8,"35":8,"36":8,"37":8,"38":2,"39":2,"40":8,"41":0,"42":0,"43":0,"44":0,"45":0,"46":8,"47":0,"48":0,"49":0,"50":0,"51":0,"52":8,"53":8,"54":8,"55":8,"56":8,"57":1,"58":2,"59":6,"60":2,"61":2,"62":4,"63":12,"64":4,"65":4,"66":4,"67":4,"68":6,"69":6,"70":6,"71":6,"72":6,"73":6,"74":6,"75":6,"76":6,"77":6,"78":0,"79":0,"80":6,"81":6,"82":6,"83":6,"84":6,"85":4,"86":2,"87":4,"88":2,"89":4,"90":2,"91":4,"92":2,"93":2,"94":2},"f":{"0":12,"1":5,"2":4,"3":8,"4":2,"5":6,"6":4,"7":12,"8":6,"9":2,"10":2,"11":2,"12":2},"b":{"0":[6,6],"1":[0,4],"2":[4,0],"3":[2,6],"4":[0,8],"5":[0,0],"6":[0,8],"7":[0,0],"8":[0,8],"9":[6,0],"10":[6,0],"11":[0,6]}}
}
