TN:
SF:/Users/sergeydubovik/dev/tests/myapp/src/utils/helpers.ts
FN:23,(anonymous_1)
FN:31,(anonymous_2)
FN:39,(anonymous_3)
FN:70,(anonymous_4)
FN:121,(anonymous_5)
FN:123,(anonymous_6)
FN:127,(anonymous_7)
FN:129,(anonymous_8)
FN:137,(anonymous_9)
FN:167,(anonymous_10)
FN:168,(anonymous_11)
FN:169,(anonymous_12)
FN:182,(anonymous_13)
FNF:13
FNH:13
FNDA:12,(anonymous_1)
FNDA:5,(anonymous_2)
FNDA:4,(anonymous_3)
FNDA:8,(anonymous_4)
FNDA:2,(anonymous_5)
FNDA:6,(anonymous_6)
FNDA:4,(anonymous_7)
FNDA:12,(anonymous_8)
FNDA:6,(anonymous_9)
FNDA:2,(anonymous_10)
FNDA:2,(anonymous_11)
FNDA:2,(anonymous_12)
FNDA:2,(anonymous_13)
DA:1,1
DA:2,1
DA:3,1
DA:4,1
DA:23,1
DA:24,12
DA:25,12
DA:26,12
DA:28,12
DA:31,1
DA:32,5
DA:39,1
DA:40,4
DA:41,4
DA:42,4
DA:43,28
DA:46,4
DA:48,0
DA:50,4
DA:52,4
DA:53,4
DA:55,4
DA:56,4
DA:57,4
DA:60,0
DA:64,4
DA:70,1
DA:73,8
DA:74,8
DA:75,8
DA:76,8
DA:78,8
DA:79,8
DA:80,8
DA:81,8
DA:82,8
DA:85,8
DA:86,2
DA:87,2
DA:91,8
DA:92,0
DA:93,0
DA:94,0
DA:96,0
DA:97,0
DA:102,8
DA:104,0
DA:105,0
DA:106,0
DA:108,0
DA:109,0
DA:113,8
DA:114,8
DA:115,8
DA:116,8
DA:118,8
DA:121,1
DA:123,6
DA:125,2
DA:127,2
DA:129,4
DA:130,12
DA:133,4
DA:134,4
DA:135,4
DA:137,4
DA:138,6
DA:139,6
DA:140,6
DA:141,6
DA:143,6
DA:144,6
DA:146,6
DA:149,6
DA:151,6
DA:154,6
DA:155,0
DA:156,0
DA:159,6
DA:160,6
DA:162,6
DA:163,6
DA:164,6
DA:167,4
DA:168,4
DA:169,4
DA:172,4
DA:182,2
DA:183,2
DA:186,2
LF:90
LH:76
BRDA:25,0,0,6
BRDA:25,0,1,6
BRDA:46,1,0,0
BRDA:46,1,1,4
BRDA:53,2,0,4
BRDA:53,2,1,0
BRDA:85,3,0,2
BRDA:85,3,1,6
BRDA:91,4,0,0
BRDA:91,4,1,8
BRDA:92,5,0,0
BRDA:92,5,1,0
BRDA:102,6,0,0
BRDA:102,6,1,8
BRDA:104,7,0,0
BRDA:104,7,1,0
BRDA:114,8,0,0
BRDA:114,8,1,8
BRDA:140,9,0,6
BRDA:140,9,1,0
BRDA:141,10,0,6
BRDA:141,10,1,0
BRDA:154,11,0,0
BRDA:154,11,1,6
BRF:24
BRH:12
end_of_record
